2025-04-26 00:13:53,808 - WARNING - Unsupported or undetected file: ingest\3.5Index-Dungeon-Adventures.docx
2025-04-26 00:13:53,981 - WARNING - Unsupported or undetected file: ingest\3.5Index-Pathfinder.docx
2025-04-26 00:13:54,757 - WARNING - Unsupported or undetected file: ingest\DnD3.5Index-Classes-Base.docx
2025-04-26 00:13:54,901 - WARNING - Unsupported or undetected file: ingest\DnD3.5Index-Classes-Prestige.docx
2025-04-26 00:13:54,980 - WARNING - Unsupported or undetected file: ingest\DnD3.5Index-Creatures.docx
2025-04-26 00:13:55,074 - WARNING - Unsupported or undetected file: ingest\DnD3.5Index-Deities.docx
2025-04-26 00:13:55,170 - WARNING - Unsupported or undetected file: ingest\DnD3.5Index-Equipment.docx
2025-04-26 00:13:55,504 - WARNING - Unsupported or undetected file: ingest\DnD3.5Index-Feats.docx
2025-04-26 00:13:55,725 - WARNING - Unsupported or undetected file: ingest\DnD3.5Index-MagicItems.docx
2025-04-26 00:13:56,216 - WARNING - Unsupported or undetected file: ingest\DnD3.5Index-Monsters-byType.docx
2025-04-26 00:13:56,310 - WARNING - Unsupported or undetected file: ingest\DnD3.5Index-Races.docx
2025-04-26 00:13:56,722 - WARNING - Unsupported or undetected file: ingest\DnD3.5Index-Skills_Actions.docx
2025-04-26 00:13:57,039 - WARNING - Unsupported or undetected file: ingest\DnD3.5Index-Spell-Descriptions.docx
2025-04-26 00:13:57,197 - WARNING - Unsupported or undetected file: ingest\DnD3.5Index-Spell-List.docx
2025-04-26 00:13:57,244 - WARNING - Unsupported or undetected file: ingest\DnD3.5Index-Spell-Sorted.docx
2025-04-26 00:13:57,293 - WARNING - Unsupported or undetected file: ingest\DnD3.5Index-Templates.docx
2025-04-26 00:40:01,258 - WARNING - Unsupported or undetected file: ingest\3.5Index-Dungeon-Adventures.docx
2025-04-26 00:40:01,431 - WARNING - Unsupported or undetected file: ingest\3.5Index-Pathfinder.docx
2025-04-26 00:40:02,184 - WARNING - Unsupported or undetected file: ingest\DnD3.5Index-Classes-Base.docx
2025-04-26 00:40:02,330 - WARNING - Unsupported or undetected file: ingest\DnD3.5Index-Classes-Prestige.docx
2025-04-26 00:40:02,393 - WARNING - Unsupported or undetected file: ingest\DnD3.5Index-Creatures.docx
2025-04-26 00:40:02,483 - WARNING - Unsupported or undetected file: ingest\DnD3.5Index-Deities.docx
2025-04-26 00:40:02,579 - WARNING - Unsupported or undetected file: ingest\DnD3.5Index-Equipment.docx
2025-04-26 00:40:02,913 - WARNING - Unsupported or undetected file: ingest\DnD3.5Index-Feats.docx
2025-04-26 00:40:03,122 - WARNING - Unsupported or undetected file: ingest\DnD3.5Index-MagicItems.docx
2025-04-26 00:40:03,610 - WARNING - Unsupported or undetected file: ingest\DnD3.5Index-Monsters-byType.docx
2025-04-26 00:40:03,687 - WARNING - Unsupported or undetected file: ingest\DnD3.5Index-Races.docx
2025-04-26 00:40:04,096 - WARNING - Unsupported or undetected file: ingest\DnD3.5Index-Skills_Actions.docx
2025-04-26 00:40:04,395 - WARNING - Unsupported or undetected file: ingest\DnD3.5Index-Spell-Descriptions.docx
2025-04-26 00:40:04,529 - WARNING - Unsupported or undetected file: ingest\DnD3.5Index-Spell-List.docx
2025-04-26 00:40:04,562 - WARNING - Unsupported or undetected file: ingest\DnD3.5Index-Spell-Sorted.docx
2025-04-26 00:40:04,625 - WARNING - Unsupported or undetected file: ingest\DnD3.5Index-Templates.docx
2025-04-26 01:34:25,137 - WARNING - Unsupported or undetected file: ingest\3.5Index-Dungeon-Adventures.docx
2025-04-26 01:34:25,896 - WARNING - Unsupported or undetected file: ingest\DnD3.5Index-Classes-Base.docx
2025-04-26 01:34:26,320 - WARNING - Unsupported or undetected file: ingest\DnD3.5Index-Creatures.docx
2025-04-26 01:34:26,612 - WARNING - Unsupported or undetected file: ingest\DnD3.5Index-Equipment.docx
2025-04-26 01:34:26,811 - WARNING - Unsupported or undetected file: ingest\DnD3.5Index-Feats.docx
2025-04-26 01:34:27,046 - WARNING - Unsupported or undetected file: ingest\DnD3.5Index-MagicItems.docx
2025-04-26 01:34:27,571 - WARNING - Unsupported or undetected file: ingest\DnD3.5Index-Monsters-byType.docx
2025-04-26 01:34:27,636 - WARNING - Unsupported or undetected file: ingest\DnD3.5Index-Races.docx
2025-04-26 01:34:28,172 - WARNING - Unsupported or undetected file: ingest\DnD3.5Index-Skills_Actions.docx
2025-04-26 01:34:28,487 - WARNING - Unsupported or undetected file: ingest\DnD3.5Index-Spell-Descriptions.docx
2025-04-26 01:34:28,610 - WARNING - Unsupported or undetected file: ingest\DnD3.5Index-Spell-List.docx
2025-04-26 01:34:28,645 - WARNING - Unsupported or undetected file: ingest\DnD3.5Index-Spell-Sorted.docx
2025-04-26 01:34:28,706 - WARNING - Unsupported or undetected file: ingest\DnD3.5Index-Templates.docx
2025-04-26 01:34:28,716 - WARNING - Unsupported or undetected file: ingest\~$D3.5Index-Monsters-byType.docx
2025-04-26 02:00:32,493 - WARNING - Unsupported or undetected file: ingest\3.5Index-Dungeon-Adventures.docx
2025-04-26 02:00:33,207 - WARNING - Unsupported or undetected file: ingest\DnD3.5Index-Classes-Base.docx
2025-04-26 02:02:29,059 - WARNING - Unsupported or undetected file: ingest\3.5Index-Dungeon-Adventures.docx
2025-04-26 02:02:29,757 - WARNING - Unsupported or undetected file: ingest\DnD3.5Index-Classes-Base.docx
2025-04-26 02:02:30,105 - WARNING - Unsupported or undetected file: ingest\DnD3.5Index-Creatures.docx
2025-04-26 02:02:30,469 - WARNING - Unsupported or undetected file: ingest\DnD3.5Index-Equipment.docx
2025-04-26 02:02:30,674 - WARNING - Unsupported or undetected file: ingest\DnD3.5Index-Feats.docx
2025-04-26 02:02:30,897 - WARNING - Unsupported or undetected file: ingest\DnD3.5Index-MagicItems.docx
2025-04-26 02:02:31,405 - WARNING - Unsupported or undetected file: ingest\DnD3.5Index-Monsters-byType.docx
2025-04-26 02:02:31,468 - WARNING - Unsupported or undetected file: ingest\DnD3.5Index-Races.docx
2025-04-26 02:02:31,958 - WARNING - Unsupported or undetected file: ingest\DnD3.5Index-Skills_Actions.docx
2025-04-26 02:02:32,260 - WARNING - Unsupported or undetected file: ingest\DnD3.5Index-Spell-Descriptions.docx
2025-04-26 02:02:32,370 - WARNING - Unsupported or undetected file: ingest\DnD3.5Index-Spell-List.docx
2025-04-26 02:02:32,402 - WARNING - Unsupported or undetected file: ingest\DnD3.5Index-Spell-Sorted.docx
2025-04-26 02:02:32,449 - WARNING - Unsupported or undetected file: ingest\DnD3.5Index-Templates.docx
2025-04-26 02:02:32,459 - WARNING - Unsupported or undetected file: ingest\~$D3.5Index-Deities.docx
2025-04-26 02:02:45,687 - WARNING - Unsupported or undetected file: ingest\3.5Index-Dungeon-Adventures.docx
2025-04-26 02:02:46,364 - WARNING - Unsupported or undetected file: ingest\DnD3.5Index-Classes-Base.docx
2025-04-26 02:02:46,729 - WARNING - Unsupported or undetected file: ingest\DnD3.5Index-Creatures.docx
2025-04-26 02:02:47,076 - WARNING - Unsupported or undetected file: ingest\DnD3.5Index-Equipment.docx
2025-04-26 02:02:47,281 - WARNING - Unsupported or undetected file: ingest\DnD3.5Index-Feats.docx
2025-04-26 02:02:47,502 - WARNING - Unsupported or undetected file: ingest\DnD3.5Index-MagicItems.docx
2025-04-26 02:02:48,080 - WARNING - Unsupported or undetected file: ingest\DnD3.5Index-Monsters-byType.docx
2025-04-26 02:02:48,146 - WARNING - Unsupported or undetected file: ingest\DnD3.5Index-Races.docx
2025-04-26 02:02:48,741 - WARNING - Unsupported or undetected file: ingest\DnD3.5Index-Skills_Actions.docx
2025-04-26 02:02:49,039 - WARNING - Unsupported or undetected file: ingest\DnD3.5Index-Spell-Descriptions.docx
2025-04-26 02:02:49,165 - WARNING - Unsupported or undetected file: ingest\DnD3.5Index-Spell-List.docx
2025-04-26 02:02:49,180 - WARNING - Unsupported or undetected file: ingest\DnD3.5Index-Spell-Sorted.docx
2025-04-26 02:02:49,228 - WARNING - Unsupported or undetected file: ingest\DnD3.5Index-Templates.docx
